Determining if the pthread_create exist failed with the following output:
Change Dir: /home/dronoved/turrel/camera_tracking/gst_lib/CMakeFiles/CMakeTmp

Run Build Command:"/usr/bin/make" "cmTC_0ddba/fast"
/usr/bin/make -f CMakeFiles/cmTC_0ddba.dir/build.make CMakeFiles/cmTC_0ddba.dir/build
make[1]: Entering directory '/home/dronoved/turrel/camera_tracking/gst_lib/CMakeFiles/CMakeTmp'
Building C object CMakeFiles/cmTC_0ddba.dir/CheckSymbolExists.c.o
/usr/bin/cc   -fPIC    -o CMakeFiles/cmTC_0ddba.dir/CheckSymbolExists.c.o   -c /home/dronoved/turrel/camera_tracking/gst_lib/CMakeFiles/CMakeTmp/CheckSymbolExists.c
Linking C executable cmTC_0ddba
/usr/bin/cmake -E cmake_link_script CMakeFiles/cmTC_0ddba.dir/link.txt --verbose=1
/usr/bin/cc -fPIC     CMakeFiles/cmTC_0ddba.dir/CheckSymbolExists.c.o  -o cmTC_0ddba 
CMakeFiles/cmTC_0ddba.dir/CheckSymbolExists.c.o: In function `main':
CheckSymbolExists.c:(.text+0x14): undefined reference to `pthread_create'
CheckSymbolExists.c:(.text+0x18): undefined reference to `pthread_create'
collect2: error: ld returned 1 exit status
CMakeFiles/cmTC_0ddba.dir/build.make:97: recipe for target 'cmTC_0ddba' failed
make[1]: *** [cmTC_0ddba] Error 1
make[1]: Leaving directory '/home/dronoved/turrel/camera_tracking/gst_lib/CMakeFiles/CMakeTmp'
Makefile:126: recipe for target 'cmTC_0ddba/fast' failed
make: *** [cmTC_0ddba/fast] Error 2

File /home/dronoved/turrel/camera_tracking/gst_lib/CMakeFiles/CMakeTmp/CheckSymbolExists.c:
/* */
#include <pthread.h>

int main(int argc, char** argv)
{
  (void)argv;
#ifndef pthread_create
  return ((int*)(&pthread_create))[argc];
#else
  (void)argc;
  return 0;
#endif
}

Determining if the function pthread_create exists in the pthreads failed with the following output:
Change Dir: /home/dronoved/turrel/camera_tracking/gst_lib/CMakeFiles/CMakeTmp

Run Build Command:"/usr/bin/make" "cmTC_96618/fast"
/usr/bin/make -f CMakeFiles/cmTC_96618.dir/build.make CMakeFiles/cmTC_96618.dir/build
make[1]: Entering directory '/home/dronoved/turrel/camera_tracking/gst_lib/CMakeFiles/CMakeTmp'
Building C object CMakeFiles/cmTC_96618.dir/CheckFunctionExists.c.o
/usr/bin/cc   -fPIC -DCHECK_FUNCTION_EXISTS=pthread_create   -o CMakeFiles/cmTC_96618.dir/CheckFunctionExists.c.o   -c /usr/share/cmake-3.10/Modules/CheckFunctionExists.c
Linking C executable cmTC_96618
/usr/bin/cmake -E cmake_link_script CMakeFiles/cmTC_96618.dir/link.txt --verbose=1
/usr/bin/cc -fPIC -DCHECK_FUNCTION_EXISTS=pthread_create    CMakeFiles/cmTC_96618.dir/CheckFunctionExists.c.o  -o cmTC_96618 -lpthreads 
/usr/bin/ld: cannot find -lpthreads
collect2: error: ld returned 1 exit status
CMakeFiles/cmTC_96618.dir/build.make:97: recipe for target 'cmTC_96618' failed
make[1]: *** [cmTC_96618] Error 1
make[1]: Leaving directory '/home/dronoved/turrel/camera_tracking/gst_lib/CMakeFiles/CMakeTmp'
Makefile:126: recipe for target 'cmTC_96618/fast' failed
make: *** [cmTC_96618/fast] Error 2


